Using pre-set license
Built from '2021.3/staging' branch; Version is '2021.3.18f1 (3129e69bc0c7) revision 3221990'; Using compiler version '192829333'; Build Type 'Release'
OS: 'Windows 10  (10.0.19045) 64bit Professional' Language: 'es' Physical Memory: 16300 MB
BatchMode: 1, IsHumanControllingUs: 0, StartBugReporterOnCrash: 0, Is64bit: 1, IsPro: 1

COMMAND LINE ARGUMENTS:
C:\Program Files\Unity\Hub\Editor\2021.3.18f1\Editor\Unity.exe
-adb2
-batchMode
-noUpm
-name
AssetImportWorker0
-projectPath
E:/Ernesto/Visual Studio Code Projects/Sanicball
-logFile
Logs/AssetImportWorker0.log
-srvPort
41937
Successfully changed project path to: E:/Ernesto/Visual Studio Code Projects/Sanicball
E:/Ernesto/Visual Studio Code Projects/Sanicball
[UnityMemory] Configuration Parameters - Can be set up in boot.config
    "memorysetup-bucket-allocator-granularity=16"
    "memorysetup-bucket-allocator-bucket-count=8"
    "memorysetup-bucket-allocator-block-size=33554432"
    "memorysetup-bucket-allocator-block-count=8"
    "memorysetup-main-allocator-block-size=16777216"
    "memorysetup-thread-allocator-block-size=16777216"
    "memorysetup-gfx-main-allocator-block-size=16777216"
    "memorysetup-gfx-thread-allocator-block-size=16777216"
    "memorysetup-cache-allocator-block-size=4194304"
    "memorysetup-typetree-allocator-block-size=2097152"
    "memorysetup-profiler-bucket-allocator-granularity=16"
    "memorysetup-profiler-bucket-allocator-bucket-count=8"
    "memorysetup-profiler-bucket-allocator-block-size=33554432"
    "memorysetup-profiler-bucket-allocator-block-count=8"
    "memorysetup-profiler-allocator-block-size=16777216"
    "memorysetup-profiler-editor-allocator-block-size=1048576"
    "memorysetup-temp-allocator-size-main=16777216"
    "memorysetup-job-temp-allocator-block-size=2097152"
    "memorysetup-job-temp-allocator-block-size-background=1048576"
    "memorysetup-job-temp-allocator-reduction-small-platforms=262144"
    "memorysetup-temp-allocator-size-background-worker=32768"
    "memorysetup-temp-allocator-size-job-worker=262144"
    "memorysetup-temp-allocator-size-preload-manager=33554432"
    "memorysetup-temp-allocator-size-nav-mesh-worker=65536"
    "memorysetup-temp-allocator-size-audio-worker=65536"
    "memorysetup-temp-allocator-size-cloud-worker=32768"
    "memorysetup-temp-allocator-size-gi-baking-worker=262144"
    "memorysetup-temp-allocator-size-gfx=262144"
Player connection [17112] Host "[IP] 10.0.1.1 [Port] 0 [Flags] 2 [Guid] 4287039460 [EditorId] 4287039460 [Version] 1048832 [Id] WindowsEditor(7,xmg) [Debug] 1 [PackageName] WindowsEditor [ProjectName] Editor" joined multi-casting on [225.0.0.222:54997]...

Player connection [17112] Host "[IP] 10.0.1.1 [Port] 0 [Flags] 2 [Guid] 4287039460 [EditorId] 4287039460 [Version] 1048832 [Id] WindowsEditor(7,xmg) [Debug] 1 [PackageName] WindowsEditor [ProjectName] Editor" joined alternative multi-casting on [225.0.0.222:34997]...

Refreshing native plugins compatible for Editor in 99.34 ms, found 3 plugins.
Preloading 0 native plugins for Editor in 0.00 ms.
Initialize engine version: 2021.3.18f1 (3129e69bc0c7)
[Subsystems] Discovering subsystems at path C:/Program Files/Unity/Hub/Editor/2021.3.18f1/Editor/Data/Resources/UnitySubsystems
[Subsystems] Discovering subsystems at path E:/Ernesto/Visual Studio Code Projects/Sanicball/Assets
GfxDevice: creating device client; threaded=0; jobified=0
Direct3D:
    Version:  Direct3D 11.0 [level 11.0]
    Renderer: NVIDIA GeForce GTX 870M (ID=0x1199)
    Vendor:   NVIDIA
    VRAM:     6108 MB
    Driver:   22.21.13.8205
Initialize mono
Mono path[0] = 'C:/Program Files/Unity/Hub/Editor/2021.3.18f1/Editor/Data/Managed'
Mono path[1] = 'C:/Program Files/Unity/Hub/Editor/2021.3.18f1/Editor/Data/MonoBleedingEdge/lib/mono/unityjit-win32'
Mono config path = 'C:/Program Files/Unity/Hub/Editor/2021.3.18f1/Editor/Data/MonoBleedingEdge/etc'
Using monoOptions --debugger-agent=transport=dt_socket,embedding=1,server=y,suspend=n,address=127.0.0.1:56784
Begin MonoManager ReloadAssembly
Registering precompiled unity dll's ...
Register platform support module: C:/Program Files/Unity/Hub/Editor/2021.3.18f1/Editor/Data/PlaybackEngines/WebGLSupport/UnityEditor.WebGL.Extensions.dll
Register platform support module: C:/Program Files/Unity/Hub/Editor/2021.3.18f1/Editor/Data/PlaybackEngines/WindowsStandaloneSupport/UnityEditor.WindowsStandalone.Extensions.dll
Registered in 0.010159 seconds.
Native extension for WindowsStandalone target not found
Native extension for WebGL target not found
Refreshing native plugins compatible for Editor in 97.53 ms, found 3 plugins.
Preloading 0 native plugins for Editor in 0.00 ms.
Mono: successfully reloaded assembly
- Completed reload, in  0.937 seconds
Domain Reload Profiling:
	ReloadAssembly (937ms)
		BeginReloadAssembly (130ms)
			ExecutionOrderSort (0ms)
			DisableScriptedObjects (0ms)
			BackupInstance (0ms)
			ReleaseScriptingObjects (0ms)
			CreateAndSetChildDomain (1ms)
		EndReloadAssembly (637ms)
			LoadAssemblies (124ms)
			RebuildTransferFunctionScriptingTraits (0ms)
			SetupTypeCache (146ms)
			ReleaseScriptCaches (0ms)
			RebuildScriptCaches (39ms)
			SetupLoadedEditorAssemblies (382ms)
				LogAssemblyErrors (0ms)
				InitializePlatformSupportModulesInManaged (12ms)
				SetLoadedEditorAssemblies (0ms)
				RefreshPlugins (98ms)
				BeforeProcessingInitializeOnLoad (2ms)
				ProcessInitializeOnLoadAttributes (205ms)
				ProcessInitializeOnLoadMethodAttributes (65ms)
				AfterProcessingInitializeOnLoad (0ms)
				EditorAssembliesLoaded (0ms)
			ExecutionOrderSort2 (0ms)
			AwakeInstancesAfterBackupRestoration (0ms)
Platform modules already initialized, skipping
Registering precompiled user dll's ...
Registered in 0.004524 seconds.
Begin MonoManager ReloadAssembly
Symbol file LoadedFromMemory doesn't match image E:\Ernesto\Visual Studio Code Projects\Sanicball\Library\PackageCache\com.unity.visualscripting@1.8.0\Editor\VisualScripting.Core\Dependencies\YamlDotNet\Unity.VisualScripting.YamlDotNet.dll
Symbol file LoadedFromMemory doesn't match image E:\Ernesto\Visual Studio Code Projects\Sanicball\Library\PackageCache\com.unity.visualscripting@1.8.0\Editor\VisualScripting.Core\Dependencies\DotNetZip\Unity.VisualScripting.IonicZip.dll
Native extension for WindowsStandalone target not found
Native extension for WebGL target not found
Refreshing native plugins compatible for Editor in 0.67 ms, found 3 plugins.
Preloading 0 native plugins for Editor in 0.00 ms.
Mono: successfully reloaded assembly
- Completed reload, in  1.271 seconds
Domain Reload Profiling:
	ReloadAssembly (1272ms)
		BeginReloadAssembly (142ms)
			ExecutionOrderSort (0ms)
			DisableScriptedObjects (8ms)
			BackupInstance (0ms)
			ReleaseScriptingObjects (0ms)
			CreateAndSetChildDomain (24ms)
		EndReloadAssembly (998ms)
			LoadAssemblies (94ms)
			RebuildTransferFunctionScriptingTraits (0ms)
			SetupTypeCache (300ms)
			ReleaseScriptCaches (1ms)
			RebuildScriptCaches (85ms)
			SetupLoadedEditorAssemblies (467ms)
				LogAssemblyErrors (0ms)
				InitializePlatformSupportModulesInManaged (19ms)
				SetLoadedEditorAssemblies (1ms)
				RefreshPlugins (1ms)
				BeforeProcessingInitializeOnLoad (96ms)
				ProcessInitializeOnLoadAttributes (315ms)
				ProcessInitializeOnLoadMethodAttributes (26ms)
				AfterProcessingInitializeOnLoad (10ms)
				EditorAssembliesLoaded (0ms)
			ExecutionOrderSort2 (0ms)
			AwakeInstancesAfterBackupRestoration (8ms)
Platform modules already initialized, skipping
========================================================================
Worker process is ready to serve import requests
Launched and connected shader compiler UnityShaderCompiler.exe after 0.05 seconds
Refreshing native plugins compatible for Editor in 1.03 ms, found 3 plugins.
Preloading 0 native plugins for Editor in 0.00 ms.
Unloading 3273 Unused Serialized files (Serialized files now loaded: 0)
Unloading 24 unused Assets / (57.6 KB). Loaded Objects now: 3754.
Memory consumption went from 142.8 MB to 142.8 MB.
Total: 5.700300 ms (FindLiveObjects: 0.475500 ms CreateObjectMapping: 0.459200 ms MarkObjects: 4.540600 ms  DeleteObjects: 0.222900 ms)

AssetImportParameters requested are different than current active one (requested -> active):
  custom:video-decoder-ogg-theora: a1e56fd34408186e4bbccfd4996cb3dc -> 
  custom:container-muxer-webm: aa71ff27fc2769a1b78a27578f13a17b -> 
  custom:container-demuxer-webm: 4f35f7cbe854078d1ac9338744f61a02 -> 
  custom:video-encoder-webm-vp8: eb34c28f22e8b96e1ab97ce403110664 -> 
  custom:audio-encoder-webm-vorbis: bf7c407c2cedff20999df2af8eb42d56 -> 
  custom:framework-win-MediaFoundation: 216162199b28c13a410421893ffa2e32 -> 
  custom:container-demuxer-ogg: 62fdf1f143b41e24485cea50d1cbac27 -> 
  custom:video-decoder-webm-vp8: 9c59270c3fd7afecdb556c50c9e8de78 -> 
  custom:audio-decoder-ogg-vorbis: bf7c407c2cedff20999df2af8eb42d56 -> 
========================================================================
Received Import Request.
  Time since last request: 594909.465837 seconds.
  path: Assets/Resources/Prefabs/Instantiated/RaceManager.prefab
  artifactKey: Guid(e716ae2f6176c9442addf97bb30866ee) Importer(815301076,1909f56bfc062723c751e8b465ee728b)
Start importing Assets/Resources/Prefabs/Instantiated/RaceManager.prefab using Guid(e716ae2f6176c9442addf97bb30866ee) Importer(815301076,1909f56bfc062723c751e8b465ee728b)  -> (artifact id: 'e27f1478f55dd0fccfefe5693badde46') in 0.114954 seconds 
========================================================================
Received Import Request.
  Time since last request: 0.000036 seconds.
  path: Assets/Resources/Prefabs/Instantiated/ESportMode.prefab
  artifactKey: Guid(f55190f64bbb0c349bcd0f128756a753) Importer(815301076,1909f56bfc062723c751e8b465ee728b)
Start importing Assets/Resources/Prefabs/Instantiated/ESportMode.prefab using Guid(f55190f64bbb0c349bcd0f128756a753) Importer(815301076,1909f56bfc062723c751e8b465ee728b)  -> (artifact id: '190feff8eff479e3c0bc51e77f04a6bd') in 0.017595 seconds 
========================================================================
Received Import Request.
  Time since last request: 0.000813 seconds.
  path: Assets/Resources/Prefabs/Instantiated/Ball.prefab
  artifactKey: Guid(15c7ed3ff76289b4680e4b9f1f52fb22) Importer(815301076,1909f56bfc062723c751e8b465ee728b)
Start importing Assets/Resources/Prefabs/Instantiated/Ball.prefab using Guid(15c7ed3ff76289b4680e4b9f1f52fb22) Importer(815301076,1909f56bfc062723c751e8b465ee728b)  -> (artifact id: '468472df1b9ed39db1decec18f4da82b') in 0.280694 seconds 
========================================================================
Received Import Request.
  Time since last request: 0.000033 seconds.
  path: Assets/Resources/Prefabs/Instantiated/SpectatorView.prefab
  artifactKey: Guid(1b1e937c51c6e4d44b995125a35246aa) Importer(815301076,1909f56bfc062723c751e8b465ee728b)
Start importing Assets/Resources/Prefabs/Instantiated/SpectatorView.prefab using Guid(1b1e937c51c6e4d44b995125a35246aa) Importer(815301076,1909f56bfc062723c751e8b465ee728b)  -> (artifact id: '0ad1885836a0013f5991436593744b70') in 0.024637 seconds 
========================================================================
Received Import Request.
  Time since last request: 0.000033 seconds.
  path: Assets/Resources/Prefabs/Instantiated/RaceCountdown.prefab
  artifactKey: Guid(7ff1b6fd875580b4b872372d3464561b) Importer(815301076,1909f56bfc062723c751e8b465ee728b)
Start importing Assets/Resources/Prefabs/Instantiated/RaceCountdown.prefab using Guid(7ff1b6fd875580b4b872372d3464561b) Importer(815301076,1909f56bfc062723c751e8b465ee728b)  -> (artifact id: '0726bfc0dc596726e451e888b2ac3125') in 0.019365 seconds 
========================================================================
Received Import Request.
  Time since last request: 7.172340 seconds.
  path: Assets/Scripts/Logic/IBallControl.cs
  artifactKey: Guid(08f25c3bd5b52dc4ab8160174de09082) Importer(815301076,1909f56bfc062723c751e8b465ee728b)
Start importing Assets/Scripts/Logic/IBallControl.cs using Guid(08f25c3bd5b52dc4ab8160174de09082) Importer(815301076,1909f56bfc062723c751e8b465ee728b)  -> (artifact id: '5ed5c509c990470862dc9d0f0313bd0c') in 0.023329 seconds 
========================================================================
Received Import Request.
  Time since last request: 4.429182 seconds.
  path: Assets/Scripts/Logic/RaceManager.cs
  artifactKey: Guid(6432750b56b705f48bc3f72624a17b91) Importer(815301076,1909f56bfc062723c751e8b465ee728b)
Start importing Assets/Scripts/Logic/RaceManager.cs using Guid(6432750b56b705f48bc3f72624a17b91) Importer(815301076,1909f56bfc062723c751e8b465ee728b)  -> (artifact id: '8ba3476cdc58dc9dd709fd2f4dd71a08') in 0.002976 seconds 
========================================================================
Received Import Request.
  Time since last request: 0.435625 seconds.
  path: Assets/Scripts/Logic/LobbyBallSpawner.cs
  artifactKey: Guid(af9f55fa4ddc61f4ab4a6196d0c7906f) Importer(815301076,1909f56bfc062723c751e8b465ee728b)
Start importing Assets/Scripts/Logic/LobbyBallSpawner.cs using Guid(af9f55fa4ddc61f4ab4a6196d0c7906f) Importer(815301076,1909f56bfc062723c751e8b465ee728b)  -> (artifact id: 'a4a14985f9f856e0155584228117332a') in 0.016138 seconds 
========================================================================
Received Import Request.
  Time since last request: 0.764400 seconds.
  path: Assets/Scripts/Logic/LobbyReferences.cs
  artifactKey: Guid(5af0185813de1b24b8338acafbca1a2f) Importer(815301076,1909f56bfc062723c751e8b465ee728b)
Start importing Assets/Scripts/Logic/LobbyReferences.cs using Guid(5af0185813de1b24b8338acafbca1a2f) Importer(815301076,1909f56bfc062723c751e8b465ee728b)  -> (artifact id: '13cff0dd57a38e2617cee66fce724d55') in 0.014322 seconds 
========================================================================
Received Import Request.
  Time since last request: 0.512181 seconds.
  path: Assets/Scripts/Logic/MatchStarter.cs
  artifactKey: Guid(494ffde743c275343962463842b551b1) Importer(815301076,1909f56bfc062723c751e8b465ee728b)
Start importing Assets/Scripts/Logic/MatchStarter.cs using Guid(494ffde743c275343962463842b551b1) Importer(815301076,1909f56bfc062723c751e8b465ee728b)  -> (artifact id: '0bc8ae26bbfed93044e04cee25bae4c1') in 0.015366 seconds 
========================================================================
Received Import Request.
  Time since last request: 0.337416 seconds.
  path: Assets/Scripts/Logic/RaceBallSpawner.cs
  artifactKey: Guid(5e852ecf7ebba3c45854acc2ac78b3d0) Importer(815301076,1909f56bfc062723c751e8b465ee728b)
Start importing Assets/Scripts/Logic/RaceBallSpawner.cs using Guid(5e852ecf7ebba3c45854acc2ac78b3d0) Importer(815301076,1909f56bfc062723c751e8b465ee728b)  -> (artifact id: '7ccdf21ac9db3f43440a0cd97ac90493') in 0.012964 seconds 
========================================================================
Received Import Request.
  Time since last request: 0.761542 seconds.
  path: Assets/Scripts/Logic/StageReferences.cs
  artifactKey: Guid(2835af7ab98a01a44ac00e6220311031) Importer(815301076,1909f56bfc062723c751e8b465ee728b)
Start importing Assets/Scripts/Logic/StageReferences.cs using Guid(2835af7ab98a01a44ac00e6220311031) Importer(815301076,1909f56bfc062723c751e8b465ee728b)  -> (artifact id: '11235f2a5168b1a07a74d83af195ca55') in 0.015098 seconds 
========================================================================
Received Import Request.
  Time since last request: 0.350103 seconds.
  path: Assets/Scripts/Logic/Timer.cs
  artifactKey: Guid(242053b2b5b62994cb65f4420144db47) Importer(815301076,1909f56bfc062723c751e8b465ee728b)
Start importing Assets/Scripts/Logic/Timer.cs using Guid(242053b2b5b62994cb65f4420144db47) Importer(815301076,1909f56bfc062723c751e8b465ee728b)  -> (artifact id: 'c19708557cabfc852597b4fcb8e1ec76') in 0.013632 seconds 
========================================================================
Received Import Request.
  Time since last request: 10.264465 seconds.
  path: Assets/Scripts/Gameplay/AITarget.cs
  artifactKey: Guid(e13434d78c96dc845900c23f4d7b6455) Importer(815301076,1909f56bfc062723c751e8b465ee728b)
Start importing Assets/Scripts/Gameplay/AITarget.cs using Guid(e13434d78c96dc845900c23f4d7b6455) Importer(815301076,1909f56bfc062723c751e8b465ee728b)  -> (artifact id: 'f8a414e7741c390cc8ac1033c5d5c25f') in 0.017742 seconds 
========================================================================
Received Import Request.
  Time since last request: 0.711423 seconds.
  path: Assets/Scripts/Gameplay/Ball.cs
  artifactKey: Guid(37a4f7748ec78204287c51e6de3db913) Importer(815301076,1909f56bfc062723c751e8b465ee728b)
Start importing Assets/Scripts/Gameplay/Ball.cs using Guid(37a4f7748ec78204287c51e6de3db913) Importer(815301076,1909f56bfc062723c751e8b465ee728b)  -> (artifact id: 'a3f44911f1de1ccce28f1bfd6a2d3da8') in 0.006220 seconds 
========================================================================
Received Import Request.
  Time since last request: 0.417936 seconds.
  path: Assets/Scripts/Gameplay/BallControlAI.cs
  artifactKey: Guid(7c068851b266dab478c776ec480a300c) Importer(815301076,1909f56bfc062723c751e8b465ee728b)
Start importing Assets/Scripts/Gameplay/BallControlAI.cs using Guid(7c068851b266dab478c776ec480a300c) Importer(815301076,1909f56bfc062723c751e8b465ee728b)  -> (artifact id: '1441de51b786ab0c6d627d436c55a7c8') in 0.016455 seconds 
========================================================================
Received Import Request.
  Time since last request: 8.660854 seconds.
  path: Assets/Scripts/Gameplay/BallControlInput.cs
  artifactKey: Guid(c272ffb2337f3ce499a6952967bd7e3c) Importer(815301076,1909f56bfc062723c751e8b465ee728b)
Start importing Assets/Scripts/Gameplay/BallControlInput.cs using Guid(c272ffb2337f3ce499a6952967bd7e3c) Importer(815301076,1909f56bfc062723c751e8b465ee728b)  -> (artifact id: '10e0d5f4016cee6546e91b1827922eaf') in 0.023183 seconds 
========================================================================
Received Prepare
Registering precompiled user dll's ...
Registered in 0.007806 seconds.
Begin MonoManager ReloadAssembly
Symbol file LoadedFromMemory doesn't match image E:\Ernesto\Visual Studio Code Projects\Sanicball\Library\PackageCache\com.unity.visualscripting@1.8.0\Editor\VisualScripting.Core\Dependencies\YamlDotNet\Unity.VisualScripting.YamlDotNet.dll
Symbol file LoadedFromMemory doesn't match image E:\Ernesto\Visual Studio Code Projects\Sanicball\Library\PackageCache\com.unity.visualscripting@1.8.0\Editor\VisualScripting.Core\Dependencies\DotNetZip\Unity.VisualScripting.IonicZip.dll
Native extension for WindowsStandalone target not found
Native extension for WebGL target not found
Refreshing native plugins compatible for Editor in 0.91 ms, found 3 plugins.
Preloading 0 native plugins for Editor in 0.00 ms.
Mono: successfully reloaded assembly
- Completed reload, in  3.047 seconds
Domain Reload Profiling:
	ReloadAssembly (3050ms)
		BeginReloadAssembly (373ms)
			ExecutionOrderSort (0ms)
			DisableScriptedObjects (19ms)
			BackupInstance (0ms)
			ReleaseScriptingObjects (0ms)
			CreateAndSetChildDomain (51ms)
		EndReloadAssembly (2235ms)
			LoadAssemblies (249ms)
			RebuildTransferFunctionScriptingTraits (0ms)
			SetupTypeCache (537ms)
			ReleaseScriptCaches (2ms)
			RebuildScriptCaches (121ms)
			SetupLoadedEditorAssemblies (1043ms)
				LogAssemblyErrors (0ms)
				InitializePlatformSupportModulesInManaged (378ms)
				SetLoadedEditorAssemblies (1ms)
				RefreshPlugins (1ms)
				BeforeProcessingInitializeOnLoad (123ms)
				ProcessInitializeOnLoadAttributes (489ms)
				ProcessInitializeOnLoadMethodAttributes (37ms)
				AfterProcessingInitializeOnLoad (13ms)
				EditorAssembliesLoaded (1ms)
			ExecutionOrderSort2 (0ms)
			AwakeInstancesAfterBackupRestoration (17ms)
Platform modules already initialized, skipping
Refreshing native plugins compatible for Editor in 1.96 ms, found 3 plugins.
Preloading 0 native plugins for Editor in 0.00 ms.
Unloading 3184 Unused Serialized files (Serialized files now loaded: 0)
Unloading 19 unused Assets / (24.6 KB). Loaded Objects now: 3767.
Memory consumption went from 138.4 MB to 138.4 MB.
Total: 3.523400 ms (FindLiveObjects: 0.281200 ms CreateObjectMapping: 0.293800 ms MarkObjects: 2.922400 ms  DeleteObjects: 0.025200 ms)

AssetImportParameters requested are different than current active one (requested -> active):
  custom:video-decoder-ogg-theora: a1e56fd34408186e4bbccfd4996cb3dc -> 
  custom:container-muxer-webm: aa71ff27fc2769a1b78a27578f13a17b -> 
  custom:container-demuxer-webm: 4f35f7cbe854078d1ac9338744f61a02 -> 
  custom:video-encoder-webm-vp8: eb34c28f22e8b96e1ab97ce403110664 -> 
  custom:audio-encoder-webm-vorbis: bf7c407c2cedff20999df2af8eb42d56 -> 
  custom:framework-win-MediaFoundation: 216162199b28c13a410421893ffa2e32 -> 
  custom:container-demuxer-ogg: 62fdf1f143b41e24485cea50d1cbac27 -> 
  custom:video-decoder-webm-vp8: 9c59270c3fd7afecdb556c50c9e8de78 -> 
  custom:audio-decoder-ogg-vorbis: bf7c407c2cedff20999df2af8eb42d56 -> 
========================================================================
Received Prepare
Registering precompiled user dll's ...
Registered in 0.004365 seconds.
Begin MonoManager ReloadAssembly
Symbol file LoadedFromMemory doesn't match image E:\Ernesto\Visual Studio Code Projects\Sanicball\Library\PackageCache\com.unity.visualscripting@1.8.0\Editor\VisualScripting.Core\Dependencies\YamlDotNet\Unity.VisualScripting.YamlDotNet.dll
Symbol file LoadedFromMemory doesn't match image E:\Ernesto\Visual Studio Code Projects\Sanicball\Library\PackageCache\com.unity.visualscripting@1.8.0\Editor\VisualScripting.Core\Dependencies\DotNetZip\Unity.VisualScripting.IonicZip.dll
Native extension for WindowsStandalone target not found
Native extension for WebGL target not found
Refreshing native plugins compatible for Editor in 0.68 ms, found 3 plugins.
Preloading 0 native plugins for Editor in 0.00 ms.
Mono: successfully reloaded assembly
- Completed reload, in  1.553 seconds
Domain Reload Profiling:
	ReloadAssembly (1553ms)
		BeginReloadAssembly (171ms)
			ExecutionOrderSort (0ms)
			DisableScriptedObjects (8ms)
			BackupInstance (0ms)
			ReleaseScriptingObjects (0ms)
			CreateAndSetChildDomain (42ms)
		EndReloadAssembly (1226ms)
			LoadAssemblies (111ms)
			RebuildTransferFunctionScriptingTraits (0ms)
			SetupTypeCache (478ms)
			ReleaseScriptCaches (1ms)
			RebuildScriptCaches (63ms)
			SetupLoadedEditorAssemblies (510ms)
				LogAssemblyErrors (0ms)
				InitializePlatformSupportModulesInManaged (19ms)
				SetLoadedEditorAssemblies (1ms)
				RefreshPlugins (1ms)
				BeforeProcessingInitializeOnLoad (76ms)
				ProcessInitializeOnLoadAttributes (376ms)
				ProcessInitializeOnLoadMethodAttributes (27ms)
				AfterProcessingInitializeOnLoad (9ms)
				EditorAssembliesLoaded (0ms)
			ExecutionOrderSort2 (0ms)
			AwakeInstancesAfterBackupRestoration (10ms)
Platform modules already initialized, skipping
Refreshing native plugins compatible for Editor in 1.87 ms, found 3 plugins.
Preloading 0 native plugins for Editor in 0.00 ms.
Unloading 3184 Unused Serialized files (Serialized files now loaded: 0)
Unloading 17 unused Assets / (24.6 KB). Loaded Objects now: 3770.
Memory consumption went from 138.4 MB to 138.4 MB.
Total: 4.873800 ms (FindLiveObjects: 0.481700 ms CreateObjectMapping: 0.261200 ms MarkObjects: 4.092400 ms  DeleteObjects: 0.036800 ms)

AssetImportParameters requested are different than current active one (requested -> active):
  custom:video-decoder-ogg-theora: a1e56fd34408186e4bbccfd4996cb3dc -> 
  custom:container-muxer-webm: aa71ff27fc2769a1b78a27578f13a17b -> 
  custom:container-demuxer-webm: 4f35f7cbe854078d1ac9338744f61a02 -> 
  custom:video-encoder-webm-vp8: eb34c28f22e8b96e1ab97ce403110664 -> 
  custom:audio-encoder-webm-vorbis: bf7c407c2cedff20999df2af8eb42d56 -> 
  custom:framework-win-MediaFoundation: 216162199b28c13a410421893ffa2e32 -> 
  custom:container-demuxer-ogg: 62fdf1f143b41e24485cea50d1cbac27 -> 
  custom:video-decoder-webm-vp8: 9c59270c3fd7afecdb556c50c9e8de78 -> 
  custom:audio-decoder-ogg-vorbis: bf7c407c2cedff20999df2af8eb42d56 -> 
========================================================================
Received Prepare
Registering precompiled user dll's ...
Registered in 0.004549 seconds.
Begin MonoManager ReloadAssembly
Symbol file LoadedFromMemory doesn't match image E:\Ernesto\Visual Studio Code Projects\Sanicball\Library\PackageCache\com.unity.visualscripting@1.8.0\Editor\VisualScripting.Core\Dependencies\YamlDotNet\Unity.VisualScripting.YamlDotNet.dll
Symbol file LoadedFromMemory doesn't match image E:\Ernesto\Visual Studio Code Projects\Sanicball\Library\PackageCache\com.unity.visualscripting@1.8.0\Editor\VisualScripting.Core\Dependencies\DotNetZip\Unity.VisualScripting.IonicZip.dll
Native extension for WindowsStandalone target not found
Native extension for WebGL target not found
Refreshing native plugins compatible for Editor in 0.70 ms, found 3 plugins.
Preloading 0 native plugins for Editor in 0.00 ms.
Mono: successfully reloaded assembly
- Completed reload, in  1.406 seconds
Domain Reload Profiling:
	ReloadAssembly (1407ms)
		BeginReloadAssembly (175ms)
			ExecutionOrderSort (0ms)
			DisableScriptedObjects (9ms)
			BackupInstance (0ms)
			ReleaseScriptingObjects (0ms)
			CreateAndSetChildDomain (43ms)
		EndReloadAssembly (1073ms)
			LoadAssemblies (113ms)
			RebuildTransferFunctionScriptingTraits (1ms)
			SetupTypeCache (466ms)
			ReleaseScriptCaches (1ms)
			RebuildScriptCaches (56ms)
			SetupLoadedEditorAssemblies (390ms)
				LogAssemblyErrors (0ms)
				InitializePlatformSupportModulesInManaged (22ms)
				SetLoadedEditorAssemblies (1ms)
				RefreshPlugins (1ms)
				BeforeProcessingInitializeOnLoad (71ms)
				ProcessInitializeOnLoadAttributes (262ms)
				ProcessInitializeOnLoadMethodAttributes (23ms)
				AfterProcessingInitializeOnLoad (9ms)
				EditorAssembliesLoaded (0ms)
			ExecutionOrderSort2 (0ms)
			AwakeInstancesAfterBackupRestoration (8ms)
Platform modules already initialized, skipping
Refreshing native plugins compatible for Editor in 1.75 ms, found 3 plugins.
Preloading 0 native plugins for Editor in 0.00 ms.
Unloading 3184 Unused Serialized files (Serialized files now loaded: 0)
Unloading 17 unused Assets / (24.6 KB). Loaded Objects now: 3773.
Memory consumption went from 138.4 MB to 138.4 MB.
Total: 3.375500 ms (FindLiveObjects: 0.285200 ms CreateObjectMapping: 0.135900 ms MarkObjects: 2.922400 ms  DeleteObjects: 0.031100 ms)

AssetImportParameters requested are different than current active one (requested -> active):
  custom:video-decoder-ogg-theora: a1e56fd34408186e4bbccfd4996cb3dc -> 
  custom:container-muxer-webm: aa71ff27fc2769a1b78a27578f13a17b -> 
  custom:container-demuxer-webm: 4f35f7cbe854078d1ac9338744f61a02 -> 
  custom:video-encoder-webm-vp8: eb34c28f22e8b96e1ab97ce403110664 -> 
  custom:audio-encoder-webm-vorbis: bf7c407c2cedff20999df2af8eb42d56 -> 
  custom:framework-win-MediaFoundation: 216162199b28c13a410421893ffa2e32 -> 
  custom:container-demuxer-ogg: 62fdf1f143b41e24485cea50d1cbac27 -> 
  custom:video-decoder-webm-vp8: 9c59270c3fd7afecdb556c50c9e8de78 -> 
  custom:audio-decoder-ogg-vorbis: bf7c407c2cedff20999df2af8eb42d56 -> 
